2014/11/17 14:59:37 [error] [exception.CHttpException.403] exception 'CHttpException' with message 'You are not allowed to access this page.' in /phpdev/yii/framework/gii/GiiModule.php:170
Stack trace:
#0 /phpdev/yii/framework/web/CController.php(263): GiiModule->beforeControllerAction(Object(DefaultController), Object(CInlineAction))
#1 /phpdev/yii/framework/web/CWebApplication.php(282): CController->run('')
#2 /phpdev/yii/framework/web/CWebApplication.php(141): CWebApplication->runController('gii')
#3 /phpdev/yii/framework/base/CApplication.php(180): CWebApplication->processRequest()
#4 /phpdev/helloworld/index.php(13): CApplication->run()
#5 {main}
REQUEST_URI=/helloworld/index.php?r=gii
---
2014/11/17 15:00:06 [error] [exception.CHttpException.403] exception 'CHttpException' with message 'You are not allowed to access this page.' in /phpdev/yii/framework/gii/GiiModule.php:170
Stack trace:
#0 /phpdev/yii/framework/web/CController.php(263): GiiModule->beforeControllerAction(Object(DefaultController), Object(CInlineAction))
#1 /phpdev/yii/framework/web/CWebApplication.php(282): CController->run('')
#2 /phpdev/yii/framework/web/CWebApplication.php(141): CWebApplication->runController('gii')
#3 /phpdev/yii/framework/base/CApplication.php(180): CWebApplication->processRequest()
#4 /phpdev/helloworld/index.php(13): CApplication->run()
#5 {main}
REQUEST_URI=/helloworld/index.php?r=gii&password=php1234
---
2014/11/17 15:00:43 [error] [exception.CHttpException.403] exception 'CHttpException' with message 'You are not allowed to access this page.' in /phpdev/yii/framework/gii/GiiModule.php:170
Stack trace:
#0 /phpdev/yii/framework/web/CController.php(263): GiiModule->beforeControllerAction(Object(DefaultController), Object(CInlineAction))
#1 /phpdev/yii/framework/web/CWebApplication.php(282): CController->run('')
#2 /phpdev/yii/framework/web/CWebApplication.php(141): CWebApplication->runController('gii')
#3 /phpdev/yii/framework/base/CApplication.php(180): CWebApplication->processRequest()
#4 /phpdev/helloworld/index.php(13): CApplication->run()
#5 {main}
REQUEST_URI=/helloworld/index.php?r=gii
---
2014/11/17 15:00:47 [error] [exception.CHttpException.403] exception 'CHttpException' with message 'You are not allowed to access this page.' in /phpdev/yii/framework/gii/GiiModule.php:170
Stack trace:
#0 /phpdev/yii/framework/web/CController.php(263): GiiModule->beforeControllerAction(Object(DefaultController), Object(CInlineAction))
#1 /phpdev/yii/framework/web/CWebApplication.php(282): CController->run('')
#2 /phpdev/yii/framework/web/CWebApplication.php(141): CWebApplication->runController('gii')
#3 /phpdev/yii/framework/base/CApplication.php(180): CWebApplication->processRequest()
#4 /phpdev/helloworld/index.php(13): CApplication->run()
#5 {main}
REQUEST_URI=/helloworld/index.php?r=gii
---
2014/11/17 15:01:03 [error] [exception.CHttpException.403] exception 'CHttpException' with message 'You are not allowed to access this page.' in /phpdev/yii/framework/gii/GiiModule.php:170
Stack trace:
#0 /phpdev/yii/framework/web/CController.php(263): GiiModule->beforeControllerAction(Object(DefaultController), Object(CInlineAction))
#1 /phpdev/yii/framework/web/CWebApplication.php(282): CController->run('')
#2 /phpdev/yii/framework/web/CWebApplication.php(141): CWebApplication->runController('gii')
#3 /phpdev/yii/framework/base/CApplication.php(180): CWebApplication->processRequest()
#4 /phpdev/helloworld/index.php(13): CApplication->run()
#5 {main}
REQUEST_URI=/helloworld/index.php?r=gii
---
2014/11/17 15:01:04 [error] [exception.CHttpException.403] exception 'CHttpException' with message 'You are not allowed to access this page.' in /phpdev/yii/framework/gii/GiiModule.php:170
Stack trace:
#0 /phpdev/yii/framework/web/CController.php(263): GiiModule->beforeControllerAction(Object(DefaultController), Object(CInlineAction))
#1 /phpdev/yii/framework/web/CWebApplication.php(282): CController->run('')
#2 /phpdev/yii/framework/web/CWebApplication.php(141): CWebApplication->runController('gii')
#3 /phpdev/yii/framework/base/CApplication.php(180): CWebApplication->processRequest()
#4 /phpdev/helloworld/index.php(13): CApplication->run()
#5 {main}
REQUEST_URI=/helloworld/index.php?r=gii
---
2014/11/17 15:01:04 [error] [exception.CHttpException.403] exception 'CHttpException' with message 'You are not allowed to access this page.' in /phpdev/yii/framework/gii/GiiModule.php:170
Stack trace:
#0 /phpdev/yii/framework/web/CController.php(263): GiiModule->beforeControllerAction(Object(DefaultController), Object(CInlineAction))
#1 /phpdev/yii/framework/web/CWebApplication.php(282): CController->run('')
#2 /phpdev/yii/framework/web/CWebApplication.php(141): CWebApplication->runController('gii')
#3 /phpdev/yii/framework/base/CApplication.php(180): CWebApplication->processRequest()
#4 /phpdev/helloworld/index.php(13): CApplication->run()
#5 {main}
REQUEST_URI=/helloworld/index.php?r=gii
---
2014/11/17 15:01:04 [error] [exception.CHttpException.403] exception 'CHttpException' with message 'You are not allowed to access this page.' in /phpdev/yii/framework/gii/GiiModule.php:170
Stack trace:
#0 /phpdev/yii/framework/web/CController.php(263): GiiModule->beforeControllerAction(Object(DefaultController), Object(CInlineAction))
#1 /phpdev/yii/framework/web/CWebApplication.php(282): CController->run('')
#2 /phpdev/yii/framework/web/CWebApplication.php(141): CWebApplication->runController('gii')
#3 /phpdev/yii/framework/base/CApplication.php(180): CWebApplication->processRequest()
#4 /phpdev/helloworld/index.php(13): CApplication->run()
#5 {main}
REQUEST_URI=/helloworld/index.php?r=gii
---
2014/11/17 15:01:05 [error] [exception.CHttpException.403] exception 'CHttpException' with message 'You are not allowed to access this page.' in /phpdev/yii/framework/gii/GiiModule.php:170
Stack trace:
#0 /phpdev/yii/framework/web/CController.php(263): GiiModule->beforeControllerAction(Object(DefaultController), Object(CInlineAction))
#1 /phpdev/yii/framework/web/CWebApplication.php(282): CController->run('')
#2 /phpdev/yii/framework/web/CWebApplication.php(141): CWebApplication->runController('gii')
#3 /phpdev/yii/framework/base/CApplication.php(180): CWebApplication->processRequest()
#4 /phpdev/helloworld/index.php(13): CApplication->run()
#5 {main}
REQUEST_URI=/helloworld/index.php?r=gii
---
2014/11/17 15:01:20 [error] [exception.CHttpException.403] exception 'CHttpException' with message 'You are not allowed to access this page.' in /phpdev/yii/framework/gii/GiiModule.php:170
Stack trace:
#0 /phpdev/yii/framework/web/CController.php(263): GiiModule->beforeControllerAction(Object(DefaultController), Object(CInlineAction))
#1 /phpdev/yii/framework/web/CWebApplication.php(282): CController->run('')
#2 /phpdev/yii/framework/web/CWebApplication.php(141): CWebApplication->runController('gii')
#3 /phpdev/yii/framework/base/CApplication.php(180): CWebApplication->processRequest()
#4 /phpdev/helloworld/index.php(13): CApplication->run()
#5 {main}
REQUEST_URI=/helloworld/index.php?r=gii
---
2014/11/17 15:01:20 [error] [exception.CHttpException.403] exception 'CHttpException' with message 'You are not allowed to access this page.' in /phpdev/yii/framework/gii/GiiModule.php:170
Stack trace:
#0 /phpdev/yii/framework/web/CController.php(263): GiiModule->beforeControllerAction(Object(DefaultController), Object(CInlineAction))
#1 /phpdev/yii/framework/web/CWebApplication.php(282): CController->run('')
#2 /phpdev/yii/framework/web/CWebApplication.php(141): CWebApplication->runController('gii')
#3 /phpdev/yii/framework/base/CApplication.php(180): CWebApplication->processRequest()
#4 /phpdev/helloworld/index.php(13): CApplication->run()
#5 {main}
REQUEST_URI=/helloworld/index.php?r=gii
---
2014/11/17 15:01:20 [error] [exception.CHttpException.403] exception 'CHttpException' with message 'You are not allowed to access this page.' in /phpdev/yii/framework/gii/GiiModule.php:170
Stack trace:
#0 /phpdev/yii/framework/web/CController.php(263): GiiModule->beforeControllerAction(Object(DefaultController), Object(CInlineAction))
#1 /phpdev/yii/framework/web/CWebApplication.php(282): CController->run('')
#2 /phpdev/yii/framework/web/CWebApplication.php(141): CWebApplication->runController('gii')
#3 /phpdev/yii/framework/base/CApplication.php(180): CWebApplication->processRequest()
#4 /phpdev/helloworld/index.php(13): CApplication->run()
#5 {main}
REQUEST_URI=/helloworld/index.php?r=gii
---
2014/11/17 15:01:28 [error] [exception.CHttpException.403] exception 'CHttpException' with message 'You are not allowed to access this page.' in /phpdev/yii/framework/gii/GiiModule.php:170
Stack trace:
#0 /phpdev/yii/framework/web/CController.php(263): GiiModule->beforeControllerAction(Object(DefaultController), Object(CInlineAction))
#1 /phpdev/yii/framework/web/CWebApplication.php(282): CController->run('')
#2 /phpdev/yii/framework/web/CWebApplication.php(141): CWebApplication->runController('gii')
#3 /phpdev/yii/framework/base/CApplication.php(180): CWebApplication->processRequest()
#4 /phpdev/helloworld/index.php(13): CApplication->run()
#5 {main}
REQUEST_URI=/helloworld/index.php?r=gii
---
2014/11/17 15:01:29 [error] [exception.CHttpException.403] exception 'CHttpException' with message 'You are not allowed to access this page.' in /phpdev/yii/framework/gii/GiiModule.php:170
Stack trace:
#0 /phpdev/yii/framework/web/CController.php(263): GiiModule->beforeControllerAction(Object(DefaultController), Object(CInlineAction))
#1 /phpdev/yii/framework/web/CWebApplication.php(282): CController->run('')
#2 /phpdev/yii/framework/web/CWebApplication.php(141): CWebApplication->runController('gii')
#3 /phpdev/yii/framework/base/CApplication.php(180): CWebApplication->processRequest()
#4 /phpdev/helloworld/index.php(13): CApplication->run()
#5 {main}
REQUEST_URI=/helloworld/index.php?r=gii
---
2014/11/17 15:01:29 [error] [exception.CHttpException.403] exception 'CHttpException' with message 'You are not allowed to access this page.' in /phpdev/yii/framework/gii/GiiModule.php:170
Stack trace:
#0 /phpdev/yii/framework/web/CController.php(263): GiiModule->beforeControllerAction(Object(DefaultController), Object(CInlineAction))
#1 /phpdev/yii/framework/web/CWebApplication.php(282): CController->run('')
#2 /phpdev/yii/framework/web/CWebApplication.php(141): CWebApplication->runController('gii')
#3 /phpdev/yii/framework/base/CApplication.php(180): CWebApplication->processRequest()
#4 /phpdev/helloworld/index.php(13): CApplication->run()
#5 {main}
REQUEST_URI=/helloworld/index.php?r=gii
---
2014/11/17 15:01:29 [error] [exception.CHttpException.403] exception 'CHttpException' with message 'You are not allowed to access this page.' in /phpdev/yii/framework/gii/GiiModule.php:170
Stack trace:
#0 /phpdev/yii/framework/web/CController.php(263): GiiModule->beforeControllerAction(Object(DefaultController), Object(CInlineAction))
#1 /phpdev/yii/framework/web/CWebApplication.php(282): CController->run('')
#2 /phpdev/yii/framework/web/CWebApplication.php(141): CWebApplication->runController('gii')
#3 /phpdev/yii/framework/base/CApplication.php(180): CWebApplication->processRequest()
#4 /phpdev/helloworld/index.php(13): CApplication->run()
#5 {main}
REQUEST_URI=/helloworld/index.php?r=gii
---
2014/11/17 15:01:30 [error] [exception.CHttpException.403] exception 'CHttpException' with message 'You are not allowed to access this page.' in /phpdev/yii/framework/gii/GiiModule.php:170
Stack trace:
#0 /phpdev/yii/framework/web/CController.php(263): GiiModule->beforeControllerAction(Object(DefaultController), Object(CInlineAction))
#1 /phpdev/yii/framework/web/CWebApplication.php(282): CController->run('')
#2 /phpdev/yii/framework/web/CWebApplication.php(141): CWebApplication->runController('gii')
#3 /phpdev/yii/framework/base/CApplication.php(180): CWebApplication->processRequest()
#4 /phpdev/helloworld/index.php(13): CApplication->run()
#5 {main}
REQUEST_URI=/helloworld/index.php?r=gii
---
2014/11/17 15:01:30 [error] [exception.CHttpException.403] exception 'CHttpException' with message 'You are not allowed to access this page.' in /phpdev/yii/framework/gii/GiiModule.php:170
Stack trace:
#0 /phpdev/yii/framework/web/CController.php(263): GiiModule->beforeControllerAction(Object(DefaultController), Object(CInlineAction))
#1 /phpdev/yii/framework/web/CWebApplication.php(282): CController->run('')
#2 /phpdev/yii/framework/web/CWebApplication.php(141): CWebApplication->runController('gii')
#3 /phpdev/yii/framework/base/CApplication.php(180): CWebApplication->processRequest()
#4 /phpdev/helloworld/index.php(13): CApplication->run()
#5 {main}
REQUEST_URI=/helloworld/index.php?r=gii
---
2014/11/17 15:01:30 [error] [exception.CHttpException.403] exception 'CHttpException' with message 'You are not allowed to access this page.' in /phpdev/yii/framework/gii/GiiModule.php:170
Stack trace:
#0 /phpdev/yii/framework/web/CController.php(263): GiiModule->beforeControllerAction(Object(DefaultController), Object(CInlineAction))
#1 /phpdev/yii/framework/web/CWebApplication.php(282): CController->run('')
#2 /phpdev/yii/framework/web/CWebApplication.php(141): CWebApplication->runController('gii')
#3 /phpdev/yii/framework/base/CApplication.php(180): CWebApplication->processRequest()
#4 /phpdev/helloworld/index.php(13): CApplication->run()
#5 {main}
REQUEST_URI=/helloworld/index.php?r=gii
---
2014/11/17 15:01:40 [error] [exception.CHttpException.403] exception 'CHttpException' with message 'You are not allowed to access this page.' in /phpdev/yii/framework/gii/GiiModule.php:170
Stack trace:
#0 /phpdev/yii/framework/web/CController.php(263): GiiModule->beforeControllerAction(Object(DefaultController), Object(CInlineAction))
#1 /phpdev/yii/framework/web/CWebApplication.php(282): CController->run('')
#2 /phpdev/yii/framework/web/CWebApplication.php(141): CWebApplication->runController('gii')
#3 /phpdev/yii/framework/base/CApplication.php(180): CWebApplication->processRequest()
#4 /phpdev/helloworld/index.php(13): CApplication->run()
#5 {main}
REQUEST_URI=/helloworld/index.php?r=gii
---
2014/11/17 15:01:41 [error] [exception.CHttpException.403] exception 'CHttpException' with message 'You are not allowed to access this page.' in /phpdev/yii/framework/gii/GiiModule.php:170
Stack trace:
#0 /phpdev/yii/framework/web/CController.php(263): GiiModule->beforeControllerAction(Object(DefaultController), Object(CInlineAction))
#1 /phpdev/yii/framework/web/CWebApplication.php(282): CController->run('')
#2 /phpdev/yii/framework/web/CWebApplication.php(141): CWebApplication->runController('gii')
#3 /phpdev/yii/framework/base/CApplication.php(180): CWebApplication->processRequest()
#4 /phpdev/helloworld/index.php(13): CApplication->run()
#5 {main}
REQUEST_URI=/helloworld/index.php?r=gii
---
2014/11/17 15:01:41 [error] [exception.CHttpException.403] exception 'CHttpException' with message 'You are not allowed to access this page.' in /phpdev/yii/framework/gii/GiiModule.php:170
Stack trace:
#0 /phpdev/yii/framework/web/CController.php(263): GiiModule->beforeControllerAction(Object(DefaultController), Object(CInlineAction))
#1 /phpdev/yii/framework/web/CWebApplication.php(282): CController->run('')
#2 /phpdev/yii/framework/web/CWebApplication.php(141): CWebApplication->runController('gii')
#3 /phpdev/yii/framework/base/CApplication.php(180): CWebApplication->processRequest()
#4 /phpdev/helloworld/index.php(13): CApplication->run()
#5 {main}
REQUEST_URI=/helloworld/index.php?r=gii
---
2014/11/17 15:01:41 [error] [exception.CHttpException.403] exception 'CHttpException' with message 'You are not allowed to access this page.' in /phpdev/yii/framework/gii/GiiModule.php:170
Stack trace:
#0 /phpdev/yii/framework/web/CController.php(263): GiiModule->beforeControllerAction(Object(DefaultController), Object(CInlineAction))
#1 /phpdev/yii/framework/web/CWebApplication.php(282): CController->run('')
#2 /phpdev/yii/framework/web/CWebApplication.php(141): CWebApplication->runController('gii')
#3 /phpdev/yii/framework/base/CApplication.php(180): CWebApplication->processRequest()
#4 /phpdev/helloworld/index.php(13): CApplication->run()
#5 {main}
REQUEST_URI=/helloworld/index.php?r=gii
---
2014/11/17 15:01:42 [error] [exception.CHttpException.403] exception 'CHttpException' with message 'You are not allowed to access this page.' in /phpdev/yii/framework/gii/GiiModule.php:170
Stack trace:
#0 /phpdev/yii/framework/web/CController.php(263): GiiModule->beforeControllerAction(Object(DefaultController), Object(CInlineAction))
#1 /phpdev/yii/framework/web/CWebApplication.php(282): CController->run('')
#2 /phpdev/yii/framework/web/CWebApplication.php(141): CWebApplication->runController('gii')
#3 /phpdev/yii/framework/base/CApplication.php(180): CWebApplication->processRequest()
#4 /phpdev/helloworld/index.php(13): CApplication->run()
#5 {main}
REQUEST_URI=/helloworld/index.php?r=gii
---
2014/11/17 15:01:42 [error] [exception.CHttpException.403] exception 'CHttpException' with message 'You are not allowed to access this page.' in /phpdev/yii/framework/gii/GiiModule.php:170
Stack trace:
#0 /phpdev/yii/framework/web/CController.php(263): GiiModule->beforeControllerAction(Object(DefaultController), Object(CInlineAction))
#1 /phpdev/yii/framework/web/CWebApplication.php(282): CController->run('')
#2 /phpdev/yii/framework/web/CWebApplication.php(141): CWebApplication->runController('gii')
#3 /phpdev/yii/framework/base/CApplication.php(180): CWebApplication->processRequest()
#4 /phpdev/helloworld/index.php(13): CApplication->run()
#5 {main}
REQUEST_URI=/helloworld/index.php?r=gii
---
2014/11/17 15:01:42 [error] [exception.CHttpException.403] exception 'CHttpException' with message 'You are not allowed to access this page.' in /phpdev/yii/framework/gii/GiiModule.php:170
Stack trace:
#0 /phpdev/yii/framework/web/CController.php(263): GiiModule->beforeControllerAction(Object(DefaultController), Object(CInlineAction))
#1 /phpdev/yii/framework/web/CWebApplication.php(282): CController->run('')
#2 /phpdev/yii/framework/web/CWebApplication.php(141): CWebApplication->runController('gii')
#3 /phpdev/yii/framework/base/CApplication.php(180): CWebApplication->processRequest()
#4 /phpdev/helloworld/index.php(13): CApplication->run()
#5 {main}
REQUEST_URI=/helloworld/index.php?r=gii
---
2014/11/17 15:01:42 [error] [exception.CHttpException.403] exception 'CHttpException' with message 'You are not allowed to access this page.' in /phpdev/yii/framework/gii/GiiModule.php:170
Stack trace:
#0 /phpdev/yii/framework/web/CController.php(263): GiiModule->beforeControllerAction(Object(DefaultController), Object(CInlineAction))
#1 /phpdev/yii/framework/web/CWebApplication.php(282): CController->run('')
#2 /phpdev/yii/framework/web/CWebApplication.php(141): CWebApplication->runController('gii')
#3 /phpdev/yii/framework/base/CApplication.php(180): CWebApplication->processRequest()
#4 /phpdev/helloworld/index.php(13): CApplication->run()
#5 {main}
REQUEST_URI=/helloworld/index.php?r=gii
---
2014/11/17 15:01:42 [error] [exception.CHttpException.403] exception 'CHttpException' with message 'You are not allowed to access this page.' in /phpdev/yii/framework/gii/GiiModule.php:170
Stack trace:
#0 /phpdev/yii/framework/web/CController.php(263): GiiModule->beforeControllerAction(Object(DefaultController), Object(CInlineAction))
#1 /phpdev/yii/framework/web/CWebApplication.php(282): CController->run('')
#2 /phpdev/yii/framework/web/CWebApplication.php(141): CWebApplication->runController('gii')
#3 /phpdev/yii/framework/base/CApplication.php(180): CWebApplication->processRequest()
#4 /phpdev/helloworld/index.php(13): CApplication->run()
#5 {main}
REQUEST_URI=/helloworld/index.php?r=gii
---
2014/11/17 15:01:42 [error] [exception.CHttpException.403] exception 'CHttpException' with message 'You are not allowed to access this page.' in /phpdev/yii/framework/gii/GiiModule.php:170
Stack trace:
#0 /phpdev/yii/framework/web/CController.php(263): GiiModule->beforeControllerAction(Object(DefaultController), Object(CInlineAction))
#1 /phpdev/yii/framework/web/CWebApplication.php(282): CController->run('')
#2 /phpdev/yii/framework/web/CWebApplication.php(141): CWebApplication->runController('gii')
#3 /phpdev/yii/framework/base/CApplication.php(180): CWebApplication->processRequest()
#4 /phpdev/helloworld/index.php(13): CApplication->run()
#5 {main}
REQUEST_URI=/helloworld/index.php?r=gii
---
2014/11/17 15:01:43 [error] [exception.CHttpException.403] exception 'CHttpException' with message 'You are not allowed to access this page.' in /phpdev/yii/framework/gii/GiiModule.php:170
Stack trace:
#0 /phpdev/yii/framework/web/CController.php(263): GiiModule->beforeControllerAction(Object(DefaultController), Object(CInlineAction))
#1 /phpdev/yii/framework/web/CWebApplication.php(282): CController->run('')
#2 /phpdev/yii/framework/web/CWebApplication.php(141): CWebApplication->runController('gii')
#3 /phpdev/yii/framework/base/CApplication.php(180): CWebApplication->processRequest()
#4 /phpdev/helloworld/index.php(13): CApplication->run()
#5 {main}
REQUEST_URI=/helloworld/index.php?r=gii
---
2014/11/17 15:02:22 [error] [exception.CHttpException.403] exception 'CHttpException' with message 'You are not allowed to access this page.' in /phpdev/yii/framework/gii/GiiModule.php:170
Stack trace:
#0 /phpdev/yii/framework/web/CController.php(263): GiiModule->beforeControllerAction(Object(DefaultController), Object(CInlineAction))
#1 /phpdev/yii/framework/web/CWebApplication.php(282): CController->run('')
#2 /phpdev/yii/framework/web/CWebApplication.php(141): CWebApplication->runController('gii')
#3 /phpdev/yii/framework/base/CApplication.php(180): CWebApplication->processRequest()
#4 /phpdev/helloworld/index.php(13): CApplication->run()
#5 {main}
REQUEST_URI=/helloworld/index.php?r=gii
---
2014/11/17 15:02:22 [error] [exception.CHttpException.403] exception 'CHttpException' with message 'You are not allowed to access this page.' in /phpdev/yii/framework/gii/GiiModule.php:170
Stack trace:
#0 /phpdev/yii/framework/web/CController.php(263): GiiModule->beforeControllerAction(Object(DefaultController), Object(CInlineAction))
#1 /phpdev/yii/framework/web/CWebApplication.php(282): CController->run('')
#2 /phpdev/yii/framework/web/CWebApplication.php(141): CWebApplication->runController('gii')
#3 /phpdev/yii/framework/base/CApplication.php(180): CWebApplication->processRequest()
#4 /phpdev/helloworld/index.php(13): CApplication->run()
#5 {main}
REQUEST_URI=/helloworld/index.php?r=gii
---
2014/11/17 15:02:23 [error] [exception.CHttpException.403] exception 'CHttpException' with message 'You are not allowed to access this page.' in /phpdev/yii/framework/gii/GiiModule.php:170
Stack trace:
#0 /phpdev/yii/framework/web/CController.php(263): GiiModule->beforeControllerAction(Object(DefaultController), Object(CInlineAction))
#1 /phpdev/yii/framework/web/CWebApplication.php(282): CController->run('')
#2 /phpdev/yii/framework/web/CWebApplication.php(141): CWebApplication->runController('gii')
#3 /phpdev/yii/framework/base/CApplication.php(180): CWebApplication->processRequest()
#4 /phpdev/helloworld/index.php(13): CApplication->run()
#5 {main}
REQUEST_URI=/helloworld/index.php?r=gii
---
2014/11/17 15:02:38 [error] [exception.CHttpException.403] exception 'CHttpException' with message 'You are not allowed to access this page.' in /phpdev/yii/framework/gii/GiiModule.php:170
Stack trace:
#0 /phpdev/yii/framework/web/CController.php(263): GiiModule->beforeControllerAction(Object(DefaultController), Object(CInlineAction))
#1 /phpdev/yii/framework/web/CWebApplication.php(282): CController->run('')
#2 /phpdev/yii/framework/web/CWebApplication.php(141): CWebApplication->runController('gii')
#3 /phpdev/yii/framework/base/CApplication.php(180): CWebApplication->processRequest()
#4 /phpdev/helloworld/index.php(13): CApplication->run()
#5 {main}
REQUEST_URI=/helloworld/index.php?r=gii
---
2014/11/17 15:02:38 [error] [exception.CHttpException.403] exception 'CHttpException' with message 'You are not allowed to access this page.' in /phpdev/yii/framework/gii/GiiModule.php:170
Stack trace:
#0 /phpdev/yii/framework/web/CController.php(263): GiiModule->beforeControllerAction(Object(DefaultController), Object(CInlineAction))
#1 /phpdev/yii/framework/web/CWebApplication.php(282): CController->run('')
#2 /phpdev/yii/framework/web/CWebApplication.php(141): CWebApplication->runController('gii')
#3 /phpdev/yii/framework/base/CApplication.php(180): CWebApplication->processRequest()
#4 /phpdev/helloworld/index.php(13): CApplication->run()
#5 {main}
REQUEST_URI=/helloworld/index.php?r=gii
---
2014/11/17 15:03:07 [error] [exception.CHttpException.403] exception 'CHttpException' with message 'You are not allowed to access this page.' in /phpdev/yii/framework/gii/GiiModule.php:170
Stack trace:
#0 /phpdev/yii/framework/web/CController.php(263): GiiModule->beforeControllerAction(Object(DefaultController), Object(CInlineAction))
#1 /phpdev/yii/framework/web/CWebApplication.php(282): CController->run('')
#2 /phpdev/yii/framework/web/CWebApplication.php(141): CWebApplication->runController('gii')
#3 /phpdev/yii/framework/base/CApplication.php(180): CWebApplication->processRequest()
#4 /phpdev/helloworld/index.php(13): CApplication->run()
#5 {main}
REQUEST_URI=/helloworld/index.php?r=gii
---
2014/11/17 15:03:08 [error] [exception.CHttpException.403] exception 'CHttpException' with message 'You are not allowed to access this page.' in /phpdev/yii/framework/gii/GiiModule.php:170
Stack trace:
#0 /phpdev/yii/framework/web/CController.php(263): GiiModule->beforeControllerAction(Object(DefaultController), Object(CInlineAction))
#1 /phpdev/yii/framework/web/CWebApplication.php(282): CController->run('')
#2 /phpdev/yii/framework/web/CWebApplication.php(141): CWebApplication->runController('gii')
#3 /phpdev/yii/framework/base/CApplication.php(180): CWebApplication->processRequest()
#4 /phpdev/helloworld/index.php(13): CApplication->run()
#5 {main}
REQUEST_URI=/helloworld/index.php?r=gii
---
2014/11/17 15:03:09 [error] [exception.CHttpException.403] exception 'CHttpException' with message 'You are not allowed to access this page.' in /phpdev/yii/framework/gii/GiiModule.php:170
Stack trace:
#0 /phpdev/yii/framework/web/CController.php(263): GiiModule->beforeControllerAction(Object(DefaultController), Object(CInlineAction))
#1 /phpdev/yii/framework/web/CWebApplication.php(282): CController->run('')
#2 /phpdev/yii/framework/web/CWebApplication.php(141): CWebApplication->runController('gii')
#3 /phpdev/yii/framework/base/CApplication.php(180): CWebApplication->processRequest()
#4 /phpdev/helloworld/index.php(13): CApplication->run()
#5 {main}
REQUEST_URI=/helloworld/index.php?r=gii
---
2014/11/17 15:03:09 [error] [exception.CHttpException.403] exception 'CHttpException' with message 'You are not allowed to access this page.' in /phpdev/yii/framework/gii/GiiModule.php:170
Stack trace:
#0 /phpdev/yii/framework/web/CController.php(263): GiiModule->beforeControllerAction(Object(DefaultController), Object(CInlineAction))
#1 /phpdev/yii/framework/web/CWebApplication.php(282): CController->run('')
#2 /phpdev/yii/framework/web/CWebApplication.php(141): CWebApplication->runController('gii')
#3 /phpdev/yii/framework/base/CApplication.php(180): CWebApplication->processRequest()
#4 /phpdev/helloworld/index.php(13): CApplication->run()
#5 {main}
REQUEST_URI=/helloworld/index.php?r=gii
---
2014/11/17 15:07:17 [error] [exception.CHttpException.404] exception 'CHttpException' with message 'The system is unable to find the requested action "index".' in /phpdev/yii/framework/web/CController.php:483
Stack trace:
#0 /phpdev/yii/framework/web/CController.php(270): CController->missingAction('')
#1 /phpdev/yii/framework/web/CWebApplication.php(282): CController->run('')
#2 /phpdev/yii/framework/web/CWebApplication.php(141): CWebApplication->runController('message')
#3 /phpdev/yii/framework/base/CApplication.php(180): CWebApplication->processRequest()
#4 /phpdev/helloworld/index.php(13): CApplication->run()
#5 {main}
REQUEST_URI=/helloworld/index.php?r=message
HTTP_REFERER=http://127.0.0.1:4567/helloworld/index.php?r=gii/controller/index
---
